# JRE version: OpenJDK Runtime Environment (21.0.8) (build 21.0.8+-14196175-b1038.72)
# Java VM: OpenJDK 64-Bit Server VM (21.0.8+-14196175-b1038.72, mixed mode, tiered, compressed oops, compressed class ptrs, g1 gc, windows-amd64)
GC Precious Log:
 CardTable entry size: 512
 Card Set container configuration: InlinePtr #cards 4 size 8 Array Of Cards #cards 16 size 48 Howl #buckets 8 coarsen threshold 3686 Howl Bitmap #cards 512 size 80 coarsen threshold 460 Card regions per heap region 1 cards per card region 4096
 CPUs: 8 total, 8 available
 Memory: 16167M
 Large Page Support: Disabled
 NUMA Support: Disabled
 Compressed Oops: Enabled (Zero based)
 Heap Region Size: 2M
 Heap Min Capacity: 8M
 Heap Initial Capacity: 254M
 Heap Max Capacity: 4042M
 Pre-touch: Disabled
 Parallel Workers: 8
 Concurrent Workers: 2
 Concurrent Refinement Workers: 8
 Periodic GC: Disabled
Heap:
 garbage-first heap   total 516096K, used 332300K [0x0000000703600000, 0x0000000800000000)
  region size 2048K, 5 young (10240K), 5 survivors (10240K)
 Metaspace       used 89865K, committed 90752K, reserved 1179648K
  class space    used 9556K, committed 9984K, reserved 1048576K
GC Heap History (20 events):
Event: 44.201 GC heap after
{Heap after GC invocations=42 (full 0):
 garbage-first heap   total 438272K, used 241999K [0x0000000703600000, 0x0000000800000000)
  region size 2048K, 10 young (20480K), 10 survivors (20480K)
 Metaspace       used 70157K, committed 70848K, reserved 1114112K
  class space    used 7721K, committed 8064K, reserved 1048576K
}
Event: 45.646 GC heap before
{Heap before GC invocations=42 (full 0):
 garbage-first heap   total 438272K, used 391503K [0x0000000703600000, 0x0000000800000000)
  region size 2048K, 83 young (169984K), 10 survivors (20480K)
 Metaspace       used 70195K, committed 70912K, reserved 1114112K
  class space    used 7722K, committed 8064K, reserved 1048576K
}
Event: 45.683 GC heap after
{Heap after GC invocations=43 (full 0):
 garbage-first heap   total 438272K, used 250721K [0x0000000703600000, 0x0000000800000000)
  region size 2048K, 6 young (12288K), 6 survivors (12288K)
 Metaspace       used 70195K, committed 70912K, reserved 1114112K
  class space    used 7722K, committed 8064K, reserved 1048576K
}
Event: 47.267 GC heap before
{Heap before GC invocations=43 (full 0):
 garbage-first heap   total 438272K, used 400225K [0x0000000703600000, 0x0000000800000000)
  region size 2048K, 79 young (161792K), 6 survivors (12288K)
 Metaspace       used 70243K, committed 70912K, reserved 1114112K
  class space    used 7722K, committed 8064K, reserved 1048576K
}
Event: 47.283 GC heap after
{Heap after GC invocations=44 (full 0):
 garbage-first heap   total 438272K, used 257049K [0x0000000703600000, 0x0000000800000000)
  region size 2048K, 9 young (18432K), 9 survivors (18432K)
 Metaspace       used 70243K, committed 70912K, reserved 1114112K
  class space    used 7722K, committed 8064K, reserved 1048576K
}
Event: 48.527 GC heap before
{Heap before GC invocations=45 (full 0):
 garbage-first heap   total 438272K, used 394265K [0x0000000703600000, 0x0000000800000000)
  region size 2048K, 76 young (155648K), 9 survivors (18432K)
 Metaspace       used 70273K, committed 70976K, reserved 1114112K
  class space    used 7723K, committed 8064K, reserved 1048576K
}
Event: 48.550 GC heap after
{Heap after GC invocations=46 (full 0):
 garbage-first heap   total 438272K, used 266521K [0x0000000703600000, 0x0000000800000000)
  region size 2048K, 9 young (18432K), 9 survivors (18432K)
 Metaspace       used 70273K, committed 70976K, reserved 1114112K
  class space    used 7723K, committed 8064K, reserved 1048576K
}
Event: 49.516 GC heap before
{Heap before GC invocations=46 (full 0):
 garbage-first heap   total 438272K, used 393497K [0x0000000703600000, 0x0000000800000000)
  region size 2048K, 71 young (145408K), 9 survivors (18432K)
 Metaspace       used 70842K, committed 71552K, reserved 1114112K
  class space    used 7754K, committed 8128K, reserved 1048576K
}
Event: 49.540 GC heap after
{Heap after GC invocations=47 (full 0):
 garbage-first heap   total 438272K, used 267840K [0x0000000703600000, 0x0000000800000000)
  region size 2048K, 7 young (14336K), 7 survivors (14336K)
 Metaspace       used 70842K, committed 71552K, reserved 1114112K
  class space    used 7754K, committed 8128K, reserved 1048576K
}
Event: 50.211 GC heap before
{Heap before GC invocations=47 (full 0):
 garbage-first heap   total 438272K, used 396864K [0x0000000703600000, 0x0000000800000000)
  region size 2048K, 70 young (143360K), 7 survivors (14336K)
 Metaspace       used 70875K, committed 71616K, reserved 1114112K
  class space    used 7754K, committed 8128K, reserved 1048576K
}
Event: 50.226 GC heap after
{Heap after GC invocations=48 (full 0):
 garbage-first heap   total 438272K, used 272069K [0x0000000703600000, 0x0000000800000000)
  region size 2048K, 4 young (8192K), 4 survivors (8192K)
 Metaspace       used 70875K, committed 71616K, reserved 1114112K
  class space    used 7754K, committed 8128K, reserved 1048576K
}
Event: 51.785 GC heap before
{Heap before GC invocations=49 (full 0):
 garbage-first heap   total 454656K, used 405189K [0x0000000703600000, 0x0000000800000000)
  region size 2048K, 69 young (141312K), 4 survivors (8192K)
 Metaspace       used 72501K, committed 73280K, reserved 1114112K
  class space    used 7952K, committed 8320K, reserved 1048576K
}
Event: 51.797 GC heap after
{Heap after GC invocations=50 (full 0):
 garbage-first heap   total 454656K, used 275143K [0x0000000703600000, 0x0000000800000000)
  region size 2048K, 6 young (12288K), 6 survivors (12288K)
 Metaspace       used 72501K, committed 73280K, reserved 1114112K
  class space    used 7952K, committed 8320K, reserved 1048576K
}
Event: 54.113 GC heap before
{Heap before GC invocations=50 (full 0):
 garbage-first heap   total 454656K, used 416455K [0x0000000703600000, 0x0000000800000000)
  region size 2048K, 75 young (153600K), 6 survivors (12288K)
 Metaspace       used 78529K, committed 79424K, reserved 1179648K
  class space    used 8485K, committed 8896K, reserved 1048576K
}
Event: 54.139 GC heap after
{Heap after GC invocations=51 (full 0):
 garbage-first heap   total 454656K, used 287051K [0x0000000703600000, 0x0000000800000000)
  region size 2048K, 10 young (20480K), 10 survivors (20480K)
 Metaspace       used 78529K, committed 79424K, reserved 1179648K
  class space    used 8485K, committed 8896K, reserved 1048576K
}
Event: 55.133 GC heap before
{Heap before GC invocations=51 (full 0):
 garbage-first heap   total 454656K, used 407883K [0x0000000703600000, 0x0000000800000000)
  region size 2048K, 69 young (141312K), 10 survivors (20480K)
 Metaspace       used 78650K, committed 79488K, reserved 1179648K
  class space    used 8487K, committed 8896K, reserved 1048576K
}
Event: 55.164 GC heap after
{Heap after GC invocations=52 (full 0):
 garbage-first heap   total 454656K, used 307704K [0x0000000703600000, 0x0000000800000000)
  region size 2048K, 9 young (18432K), 9 survivors (18432K)
 Metaspace       used 78650K, committed 79488K, reserved 1179648K
  class space    used 8487K, committed 8896K, reserved 1048576K
}
Event: 56.315 GC heap before
{Heap before GC invocations=53 (full 0):
 garbage-first heap   total 516096K, used 406008K [0x0000000703600000, 0x0000000800000000)
  region size 2048K, 57 young (116736K), 9 survivors (18432K)
 Metaspace       used 81194K, committed 82048K, reserved 1179648K
  class space    used 8789K, committed 9216K, reserved 1048576K
}
Event: 56.334 GC heap after
{Heap after GC invocations=54 (full 0):
 garbage-first heap   total 516096K, used 324584K [0x0000000703600000, 0x0000000800000000)
  region size 2048K, 8 young (16384K), 8 survivors (16384K)
 Metaspace       used 81194K, committed 82048K, reserved 1179648K
  class space    used 8789K, committed 9216K, reserved 1048576K
}
Event: 58.436 GC heap before
{Heap before GC invocations=54 (full 0):
 garbage-first heap   total 516096K, used 465896K [0x0000000703600000, 0x0000000800000000)
  region size 2048K, 77 young (157696K), 8 survivors (16384K)
 Metaspace       used 89865K, committed 90752K, reserved 1179648K
  class space    used 9556K, committed 9984K, reserved 1048576K
}

